nohup: ignoring input
[NbConvertApp] Converting notebook notebooks/01_data_exploration.ipynb to notebook
[NbConvertApp] Writing 160852 bytes to notebooks/01_data_exploration.ipynb
[NbConvertApp] Converting notebook notebooks/02_bioclip_inference.ipynb to notebook
Traceback (most recent call last):
  File "/apps/project/ondemand/app_jupyter/4.1.5/bin/jupyter-nbconvert", line 8, in <module>
    sys.exit(main())
  File "/apps/project/ondemand/app_jupyter/4.1.5/lib64/python3.9/site-packages/jupyter_core/application.py", line 283, in launch_instance
    super().launch_instance(argv=argv, **kwargs)
  File "/apps/project/ondemand/app_jupyter/4.1.5/lib64/python3.9/site-packages/traitlets/config/application.py", line 1075, in launch_instance
    app.start()
  File "/apps/project/ondemand/app_jupyter/4.1.5/lib64/python3.9/site-packages/nbconvert/nbconvertapp.py", line 420, in start
    self.convert_notebooks()
  File "/apps/project/ondemand/app_jupyter/4.1.5/lib64/python3.9/site-packages/nbconvert/nbconvertapp.py", line 597, in convert_notebooks
    self.convert_single_notebook(notebook_filename)
  File "/apps/project/ondemand/app_jupyter/4.1.5/lib64/python3.9/site-packages/nbconvert/nbconvertapp.py", line 563, in convert_single_notebook
    output, resources = self.export_single_notebook(
  File "/apps/project/ondemand/app_jupyter/4.1.5/lib64/python3.9/site-packages/nbconvert/nbconvertapp.py", line 487, in export_single_notebook
    output, resources = self.exporter.from_filename(
  File "/apps/project/ondemand/app_jupyter/4.1.5/lib64/python3.9/site-packages/nbconvert/exporters/exporter.py", line 201, in from_filename
    return self.from_file(f, resources=resources, **kw)
  File "/apps/project/ondemand/app_jupyter/4.1.5/lib64/python3.9/site-packages/nbconvert/exporters/exporter.py", line 220, in from_file
    return self.from_notebook_node(
  File "/apps/project/ondemand/app_jupyter/4.1.5/lib64/python3.9/site-packages/nbconvert/exporters/notebook.py", line 36, in from_notebook_node
    nb_copy, resources = super().from_notebook_node(nb, resources, **kw)
  File "/apps/project/ondemand/app_jupyter/4.1.5/lib64/python3.9/site-packages/nbconvert/exporters/exporter.py", line 154, in from_notebook_node
    nb_copy, resources = self._preprocess(nb_copy, resources)
  File "/apps/project/ondemand/app_jupyter/4.1.5/lib64/python3.9/site-packages/nbconvert/exporters/exporter.py", line 353, in _preprocess
    nbc, resc = preprocessor(nbc, resc)
  File "/apps/project/ondemand/app_jupyter/4.1.5/lib64/python3.9/site-packages/nbconvert/preprocessors/base.py", line 48, in __call__
    return self.preprocess(nb, resources)
  File "/apps/project/ondemand/app_jupyter/4.1.5/lib64/python3.9/site-packages/nbconvert/preprocessors/execute.py", line 103, in preprocess
    self.preprocess_cell(cell, resources, index)
  File "/apps/project/ondemand/app_jupyter/4.1.5/lib64/python3.9/site-packages/nbconvert/preprocessors/execute.py", line 124, in preprocess_cell
    cell = self.execute_cell(cell, index, store_history=True)
  File "/apps/project/ondemand/app_jupyter/4.1.5/lib64/python3.9/site-packages/jupyter_core/utils/__init__.py", line 165, in wrapped
    return loop.run_until_complete(inner)
  File "/usr/lib64/python3.9/asyncio/base_events.py", line 647, in run_until_complete
    return future.result()
  File "/apps/project/ondemand/app_jupyter/4.1.5/lib64/python3.9/site-packages/nbclient/client.py", line 1062, in async_execute_cell
    await self._check_raise_for_error(cell, cell_index, exec_reply)
  File "/apps/project/ondemand/app_jupyter/4.1.5/lib64/python3.9/site-packages/nbclient/client.py", line 918, in _check_raise_for_error
    raise CellExecutionError.from_cell_and_msg(cell, exec_reply_content)
nbclient.exceptions.CellExecutionError: An error occurred while executing the following cell:
------------------
import pandas as pd
import json
import os
from PIL import Image
import sys
import bioclip
from tqdm.notebook import tqdm
from sklearn.metrics import confusion_matrix, ConfusionMatrixDisplay
import matplotlib.pyplot as plt


# Load your prepared data
DATA_PATH = paths['processed_dir'] / 'final_data_no_ixodes.json'
CLASS_NAMES_PATH = paths['processed_dir'] / 'class_names_no_ixodes.json'

with open(DATA_PATH, 'r') as f:
    image_data = json.load(f)

with open(CLASS_NAMES_PATH, 'r') as f:
    class_names = json.load(f)

print(f"First few entries in the data:", image_data[:5])
print(f"Printing the class names:", class_names[:7])

print(f"Loaded {len(image_data)} image records.")
print(f"Loaded {len(class_names)} unique class names.")

------------------


[0;31m---------------------------------------------------------------------------[0m
[0;31mTypeError[0m                                 Traceback (most recent call last)
Cell [0;32mIn [3], line 6[0m
[1;32m      4[0m [38;5;28;01mfrom[39;00m[38;5;250m [39m[38;5;21;01mPIL[39;00m[38;5;250m [39m[38;5;28;01mimport[39;00m Image
[1;32m      5[0m [38;5;28;01mimport[39;00m[38;5;250m [39m[38;5;21;01msys[39;00m
[0;32m----> 6[0m [38;5;28;01mimport[39;00m[38;5;250m [39m[38;5;21;01mbioclip[39;00m
[1;32m      7[0m [38;5;28;01mfrom[39;00m[38;5;250m [39m[38;5;21;01mtqdm[39;00m[38;5;21;01m.[39;00m[38;5;21;01mnotebook[39;00m[38;5;250m [39m[38;5;28;01mimport[39;00m tqdm
[1;32m      8[0m [38;5;28;01mfrom[39;00m[38;5;250m [39m[38;5;21;01msklearn[39;00m[38;5;21;01m.[39;00m[38;5;21;01mmetrics[39;00m[38;5;250m [39m[38;5;28;01mimport[39;00m confusion_matrix, ConfusionMatrixDisplay

File [0;32m~/.local/lib/python3.9/site-packages/bioclip/__init__.py:4[0m
[1;32m      1[0m [38;5;66;03m# SPDX-FileCopyrightText: 2024-present John Bradley <johnbradley2008@gmail.com>[39;00m
[1;32m      2[0m [38;5;66;03m#[39;00m
[1;32m      3[0m [38;5;66;03m# SPDX-License-Identifier: MIT[39;00m
[0;32m----> 4[0m [38;5;28;01mfrom[39;00m[38;5;250m [39m[38;5;21;01mbioclip[39;00m[38;5;21;01m.[39;00m[38;5;21;01mpredict[39;00m[38;5;250m [39m[38;5;28;01mimport[39;00m TreeOfLifeClassifier, Rank, CustomLabelsClassifier, CustomLabelsBinningClassifier
[1;32m      6[0m __all__ [38;5;241m=[39m [[38;5;124m"[39m[38;5;124mTreeOfLifeClassifier[39m[38;5;124m"[39m, [38;5;124m"[39m[38;5;124mRank[39m[38;5;124m"[39m, [38;5;124m"[39m[38;5;124mCustomLabelsClassifier[39m[38;5;124m"[39m, [38;5;124m"[39m[38;5;124mCustomLabelsBinningClassifier[39m[38;5;124m"[39m]

File [0;32m~/.local/lib/python3.9/site-packages/bioclip/predict.py:178[0m
[1;32m    163[0m     [38;5;28;01mreturn[39;00m oc[38;5;241m.[39mget_tokenizer(model_name[38;5;241m=[39mmodel_name)
[1;32m    166[0m preprocess_img [38;5;241m=[39m transforms[38;5;241m.[39mCompose(
[1;32m    167[0m     [
[1;32m    168[0m         transforms[38;5;241m.[39mToTensor(),
[0;32m   (...)[0m
[1;32m    174[0m     ]
[1;32m    175[0m )
[0;32m--> 178[0m [38;5;28;01mclass[39;00m[38;5;250m [39m[38;5;21;01mBaseClassifier[39;00m(nn[38;5;241m.[39mModule):
[1;32m    179[0m     [38;5;28;01mdef[39;00m[38;5;250m [39m[38;5;21m__init__[39m([38;5;28mself[39m, model_str: [38;5;28mstr[39m [38;5;241m=[39m BIOCLIP_MODEL_STR, pretrained_str: [38;5;28mstr[39m [38;5;241m|[39m [38;5;28;01mNone[39;00m [38;5;241m=[39m [38;5;28;01mNone[39;00m, device: Union[[38;5;28mstr[39m, torch[38;5;241m.[39mdevice] [38;5;241m=[39m [38;5;124m'[39m[38;5;124mcpu[39m[38;5;124m'[39m):
[1;32m    180[0m [38;5;250m        [39m[38;5;124;03m"""[39;00m
[1;32m    181[0m [38;5;124;03m        Initializes the prediction model.[39;00m
[1;32m    182[0m 
[0;32m   (...)[0m
[1;32m    186[0m [38;5;124;03m            device (Union[str, torch.device]): The device on which the model will be run.[39;00m
[1;32m    187[0m [38;5;124;03m        """[39;00m

File [0;32m~/.local/lib/python3.9/site-packages/bioclip/predict.py:179[0m, in [0;36mBaseClassifier[0;34m()[0m
[1;32m    178[0m [38;5;28;01mclass[39;00m[38;5;250m [39m[38;5;21;01mBaseClassifier[39;00m(nn[38;5;241m.[39mModule):
[0;32m--> 179[0m     [38;5;28;01mdef[39;00m[38;5;250m [39m[38;5;21m__init__[39m([38;5;28mself[39m, model_str: [38;5;28mstr[39m [38;5;241m=[39m BIOCLIP_MODEL_STR, pretrained_str: [38;5;28;43mstr[39;49m[43m [49m[38;5;241;43m|[39;49m[43m [49m[38;5;28;43;01mNone[39;49;00m [38;5;241m=[39m [38;5;28;01mNone[39;00m, device: Union[[38;5;28mstr[39m, torch[38;5;241m.[39mdevice] [38;5;241m=[39m [38;5;124m'[39m[38;5;124mcpu[39m[38;5;124m'[39m):
[1;32m    180[0m [38;5;250m        [39m[38;5;124;03m"""[39;00m
[1;32m    181[0m [38;5;124;03m        Initializes the prediction model.[39;00m
[1;32m    182[0m 
[0;32m   (...)[0m
[1;32m    186[0m [38;5;124;03m            device (Union[str, torch.device]): The device on which the model will be run.[39;00m
[1;32m    187[0m [38;5;124;03m        """[39;00m
[1;32m    188[0m         [38;5;28msuper[39m()[38;5;241m.[39m[38;5;21m__init__[39m()

[0;31mTypeError[0m: unsupported operand type(s) for |: 'type' and 'NoneType'

